<index>
25
40
</index>
	<index>
	6
	9
	13
	17
	</index>
		<record>2|Good Omens: The Nice and Accurate Prophecies of Agnes Nutter, Witch|Terry Pratchett|Fantasy</record>
<index>
25
40
</index>
	<index>
	6
	9
	13
	17
	</index>
		<record>22|Educated|Tara Westover|Memoir</record>
<index>
25
40
</index>
	<index>
	6
	9
	13
	17
	</index>
		<record>11|Heaven's River|Dennis E. Taylor|Science Fiction</record>
<index>
25
40
</index>
	<index>
	6
	9
	13
	17
	</index>
		<data>
		<record>1|Bringing Down the House|Ben Mezrich|Non-fiction</record>
		<record>2|Good Omens: The Nice and Accurate Prophecies of Agnes Nutter, Witch|Terry Pratchett|Fantasy</record>
		</data>
		<data>
		<record>6|Hacking: The Art of Exploitation w/CD|Jon Erickson|Non-fiction</record>
		<record>7|The Paper Menagerie and Other Stories|Ken Liu|Short Stories</record>
		<record>8|The Box|Marc Levinson|Non-fiction</record>
		</data>
		<data>
		<record>9|All These Worlds|Dennis E. Taylor|Science Fiction</record>
		<record>10|For We Are Many|Dennis E. Taylor|Science Fiction</record>
		<record>11|Heaven's River|Dennis E. Taylor|Science Fiction</record>
		<record>12|We Are Legion|Dennis E. Taylor|Science Fiction</record>
		</data>
		<data>
		<record>13|The Temple of the Golden Pavilion|Yukio Mishima|Classics</record>
		<record>14|Stuff They Don't Want You to Know|Ben Bowlin|History</record>
		<record>15|Grunt: The Curious Science of Humans at War|Mary Roach|History</record>
		<record>16|How to Take Over the World|Ryan North|Non-fiction</record>
		</data>
		<data>
		<record>17|I Could Tell You But Then You Would Have to be Destroyed by Me|Trevor Paglen|Non-fiction</record>
		<record>20|We|Yevgeny Zamyatin|Science Fiction</record>
		<record>22|Educated|Tara Westover|Memoir</record>
		<record>23|The Name of the Wind|Patrick Rothfuss|Fantasy</record>
		</data>
	<index>
	29
	34
	</index>
		<data>
		<record>25|Fugitive Telemetry|Martha Wells|Science Fiction</record>
		<record>27|Home: Habitat, Range, Niche, Territory|Martha Wells|Science Fiction</record>
		<record>28|Exit Strategy|Martha Wells|Science Fiction</record>
		</data>
		<data>
		<record>29|Rogue Protocol|Martha Wells|Science Fiction</record>
		<record>31|Digital Minimalism|Cal Newport|Non-fiction</record>
		<record>32|Artificial Condition|Martha Wells|Science Fiction</record>
		</data>
		<data>
		<record>34|Why Fish Don't Exist|Lulu Miller|Non-fiction</record>
		<record>36|The Thought Gang|Tibor Fischer|Humor</record>
		<record>37|Godard Makinesi|Merve Yakut|Fiction</record>
		</data>
	<index>
	44
	55
	58
	</index>
		<data>
		<record>40|The Mathematics of Love|Hannah Fry|Non-fiction</record>
		<record>42|The Last Wish|Andrzej Sapkowski|Fantasy</record>
		</data>
		<data>
		<record>44|Dark Age|Pierce Brown|Fantasy</record>
		<record>45|Heart of a Dog|Mikhail Bulgakov|Classics</record>
		<record>51|Lost in a Good Game|Pete Etchells|Non-fiction</record>
		<record>52|Axiom's End|Lindsay  Ellis|Science Fiction</record>
		</data>
		<data>
		<record>55|Fashionopolis|Dana Thomas|Non-fiction</record>
		<record>57|Anxious People|Fredrik Backman|Contemporary</record>
		</data>
		<data>
		<record>58|The Humans|Matt Haig|Science Fiction</record>
		<record>59|The Midnight Library|Matt Haig|Contemporary</record>
		<record>60|Watchmen|Alan Moore|Graphic Novel</record>
		</data>
