<index>
13
25
37
51
</index>
	<index>
	5
	8
	10
	</index>
		<data>
		<record>3|Embrace Your Weird|Felicia Day|Non-fiction</record>
		<record>4|Write Useful Books|Rob Fitzpatrick|Non-fiction</record>
		</data>
		<data>
		<record>5|The Amateur's Mind|Jeremy Silman|Non-fiction</record>
		<record>6|Hacking: The Art of Exploitation w/CD|Jon Erickson|Non-fiction</record>
		<record>7|The Paper Menagerie and Other Stories|Ken Liu|Short Stories</record>
		</data>
		<data>
		<record>8|The Box|Marc Levinson|Non-fiction</record>
		<record>9|All These Worlds|Dennis E. Taylor|Science Fiction</record>
		</data>
		<data>
		<record>10|For We Are Many|Dennis E. Taylor|Science Fiction</record>
		<record>11|Heaven's River|Dennis E. Taylor|Science Fiction</record>
		<record>12|We Are Legion|Dennis E. Taylor|Science Fiction</record>
		</data>
	<index>
	17
	21
	</index>
		<data>
		<record>13|The Temple of the Golden Pavilion|Yukio Mishima|Classics</record>
		<record>14|Stuff They Don't Want You to Know|Ben Bowlin|History</record>
		<record>15|Grunt: The Curious Science of Humans at War|Mary Roach|History</record>
		<record>16|How to Take Over the World|Ryan North|Non-fiction</record>
		</data>
		<data>
		<record>17|I Could Tell You But Then You Would Have to be Destroyed by Me|Trevor Paglen|Non-fiction</record>
		<record>18|The Cloisters|Katy Hays|Mystery</record>
		<record>19|Hell Bent|Leigh Bardugo|Fantasy</record>
		</data>
		<data>
		<record>21|Piranesi|Susanna Clarke|Fantasy</record>
		<record>22|Educated|Tara Westover|Memoir</record>
		<record>23|The Name of the Wind|Patrick Rothfuss|Fantasy</record>
		<record>24|Dial A for Aunties|Jesse Q. Sutanto|Romance</record>
		</data>
	<index>
	27
	30
	33
	</index>
		<data>
		<record>25|Fugitive Telemetry|Martha Wells|Science Fiction</record>
		<record>26|Network Effect|Martha Wells|Science Fiction</record>
		</data>
		<data>
		<record>27|Home: Habitat, Range, Niche, Territory|Martha Wells|Science Fiction</record>
		<record>28|Exit Strategy|Martha Wells|Science Fiction</record>
		<record>29|Rogue Protocol|Martha Wells|Science Fiction</record>
		</data>
		<data>
		<record>30|Hollow Kingdom|Kira Jane Buxton|Fantasy</record>
		<record>31|Digital Minimalism|Cal Newport|Non-fiction</record>
		<record>32|Artificial Condition|Martha Wells|Science Fiction</record>
		</data>
		<data>
		<record>33|House of Earth and Blood|Sarah J. Maas|Fantasy</record>
		<record>34|Why Fish Don't Exist|Lulu Miller|Non-fiction</record>
		<record>35|Naming Nature|Carol Kaesuk Yoon|Non-fiction</record>
		<record>36|The Thought Gang|Tibor Fischer|Humor</record>
		</data>
	<index>
	41
	44
	47
	</index>
		<data>
		<record>37|Godard Makinesi|Merve Yakut|Fiction</record>
		<record>39|How to Take Smart Notes|Sönke Ahrens|Non-fiction</record>
		<record>40|The Mathematics of Love|Hannah Fry|Non-fiction</record>
		</data>
		<data>
		<record>41|All Systems Red|Martha Wells|Science Fiction</record>
		<record>42|The Last Wish|Andrzej Sapkowski|Fantasy</record>
		<record>43|Zamanın En Kısa Hali|Cem Akaş|Fiction</record>
		</data>
		<data>
		<record>44|Dark Age|Pierce Brown|Fantasy</record>
		<record>45|Heart of a Dog|Mikhail Bulgakov|Classics</record>
		<record>46|Iron Gold|Pierce Brown|Fantasy</record>
		</data>
		<data>
		<record>47|Dirk Gently's Holistic Detective Agency|Douglas Adams|Science Fiction</record>
		<record>48|Morning Star|Pierce Brown|Science Fiction</record>
		<record>49|Golden Son|Pierce Brown|Science Fiction</record>
		<record>50|Red Rising|Pierce Brown|Science Fiction</record>
		</data>
	<index>
	54
	57
	</index>
		<data>
		<record>51|Lost in a Good Game|Pete Etchells|Non-fiction</record>
		<record>52|Axiom's End|Lindsay  Ellis|Science Fiction</record>
		<record>53|The Machine That Changed the World|James P. Womack|Non-fiction</record>
		</data>
		<data>
		<record>54|The Mouse That Roared|Leonard Wibberley|Humor</record>
		<record>55|Fashionopolis|Dana Thomas|Non-fiction</record>
		<record>56|Pascalian Meditations|Pierre Bourdieu|Philosopy</record>
		</data>
		<data>
		<record>57|Anxious People|Fredrik Backman|Contemporary</record>
		<record>59|The Midnight Library|Matt Haig|Contemporary</record>
		<record>60|Watchmen|Alan Moore|Graphic Novel</record>
		</data>
