<index>
19
37
</index>
	<index>
	7
	13
	</index>
		<index>
		3
		5
		</index>
			<record>1|Bringing Down the House|Ben Mezrich|Non-fiction</record>
<index>
19
37
</index>
	<index>
	43
	49
	</index>
		<index>
		51
		53
		55
		57
		</index>
			<record>60|Watchmen|Alan Moore|Graphic Novel</record>
<index>
19
37
</index>
	<index>
	25
	31
	</index>
		<index>
		33
		35
		</index>
			<record>36|The Thought Gang|Tibor Fischer|Humor</record>
<index>
19
37
</index>
	<index>
	7
	13
	</index>
		<index>
		3
		5
		</index>
			<data>
			<record>1|Bringing Down the House|Ben Mezrich|Non-fiction</record>
			<record>2|Good Omens: The Nice and Accurate Prophecies of Agnes Nutter, Witch|Terry Pratchett|Fantasy</record>
			</data>
			<data>
			<record>3|Embrace Your Weird|Felicia Day|Non-fiction</record>
			<record>4|Write Useful Books|Rob Fitzpatrick|Non-fiction</record>
			</data>
			<data>
			<record>5|The Amateur's Mind|Jeremy Silman|Non-fiction</record>
			<record>6|Hacking: The Art of Exploitation w/CD|Jon Erickson|Non-fiction</record>
			</data>
		<index>
		9
		11
		</index>
			<data>
			<record>7|The Paper Menagerie and Other Stories|Ken Liu|Short Stories</record>
			<record>8|The Box|Marc Levinson|Non-fiction</record>
			</data>
			<data>
			<record>9|All These Worlds|Dennis E. Taylor|Science Fiction</record>
			<record>10|For We Are Many|Dennis E. Taylor|Science Fiction</record>
			</data>
			<data>
			<record>11|Heaven's River|Dennis E. Taylor|Science Fiction</record>
			<record>12|We Are Legion|Dennis E. Taylor|Science Fiction</record>
			</data>
		<index>
		15
		17
		</index>
			<data>
			<record>13|The Temple of the Golden Pavilion|Yukio Mishima|Classics</record>
			<record>14|Stuff They Don't Want You to Know|Ben Bowlin|History</record>
			</data>
			<data>
			<record>15|Grunt: The Curious Science of Humans at War|Mary Roach|History</record>
			<record>16|How to Take Over the World|Ryan North|Non-fiction</record>
			</data>
			<data>
			<record>17|I Could Tell You But Then You Would Have to be Destroyed by Me|Trevor Paglen|Non-fiction</record>
			<record>18|The Cloisters|Katy Hays|Mystery</record>
			</data>
	<index>
	25
	31
	</index>
		<index>
		21
		23
		</index>
			<data>
			<record>19|Hell Bent|Leigh Bardugo|Fantasy</record>
			<record>20|We|Yevgeny Zamyatin|Science Fiction</record>
			</data>
			<data>
			<record>21|Piranesi|Susanna Clarke|Fantasy</record>
			<record>22|Educated|Tara Westover|Memoir</record>
			</data>
			<data>
			<record>23|The Name of the Wind|Patrick Rothfuss|Fantasy</record>
			<record>24|Dial A for Aunties|Jesse Q. Sutanto|Romance</record>
			</data>
		<index>
		27
		29
		</index>
			<data>
			<record>25|Fugitive Telemetry|Martha Wells|Science Fiction</record>
			<record>26|Network Effect|Martha Wells|Science Fiction</record>
			</data>
			<data>
			<record>27|Home: Habitat, Range, Niche, Territory|Martha Wells|Science Fiction</record>
			<record>28|Exit Strategy|Martha Wells|Science Fiction</record>
			</data>
			<data>
			<record>29|Rogue Protocol|Martha Wells|Science Fiction</record>
			<record>30|Hollow Kingdom|Kira Jane Buxton|Fantasy</record>
			</data>
		<index>
		33
		35
		</index>
			<data>
			<record>31|Digital Minimalism|Cal Newport|Non-fiction</record>
			<record>32|Artificial Condition|Martha Wells|Science Fiction</record>
			</data>
			<data>
			<record>33|House of Earth and Blood|Sarah J. Maas|Fantasy</record>
			<record>34|Why Fish Don't Exist|Lulu Miller|Non-fiction</record>
			</data>
			<data>
			<record>35|Naming Nature|Carol Kaesuk Yoon|Non-fiction</record>
			<record>36|The Thought Gang|Tibor Fischer|Humor</record>
			</data>
	<index>
	43
	49
	</index>
		<index>
		39
		41
		</index>
			<data>
			<record>37|Godard Makinesi|Merve Yakut|Fiction</record>
			<record>38|The Calculating Stars|Mary Robinette Kowal|Science Fiction</record>
			</data>
			<data>
			<record>39|How to Take Smart Notes|Sönke Ahrens|Non-fiction</record>
			<record>40|The Mathematics of Love|Hannah Fry|Non-fiction</record>
			</data>
			<data>
			<record>41|All Systems Red|Martha Wells|Science Fiction</record>
			<record>42|The Last Wish|Andrzej Sapkowski|Fantasy</record>
			</data>
		<index>
		45
		47
		</index>
			<data>
			<record>43|Zamanın En Kısa Hali|Cem Akaş|Fiction</record>
			<record>44|Dark Age|Pierce Brown|Fantasy</record>
			</data>
			<data>
			<record>45|Heart of a Dog|Mikhail Bulgakov|Classics</record>
			<record>46|Iron Gold|Pierce Brown|Fantasy</record>
			</data>
			<data>
			<record>47|Dirk Gently's Holistic Detective Agency|Douglas Adams|Science Fiction</record>
			<record>48|Morning Star|Pierce Brown|Science Fiction</record>
			</data>
		<index>
		51
		53
		55
		57
		</index>
			<data>
			<record>49|Golden Son|Pierce Brown|Science Fiction</record>
			<record>50|Red Rising|Pierce Brown|Science Fiction</record>
			</data>
			<data>
			<record>51|Lost in a Good Game|Pete Etchells|Non-fiction</record>
			<record>52|Axiom's End|Lindsay  Ellis|Science Fiction</record>
			</data>
			<data>
			<record>53|The Machine That Changed the World|James P. Womack|Non-fiction</record>
			<record>54|The Mouse That Roared|Leonard Wibberley|Humor</record>
			</data>
			<data>
			<record>55|Fashionopolis|Dana Thomas|Non-fiction</record>
			<record>56|Pascalian Meditations|Pierre Bourdieu|Philosopy</record>
			</data>
			<data>
			<record>57|Anxious People|Fredrik Backman|Contemporary</record>
			<record>58|The Humans|Matt Haig|Science Fiction</record>
			<record>59|The Midnight Library|Matt Haig|Contemporary</record>
			<record>60|Watchmen|Alan Moore|Graphic Novel</record>
			</data>
